<?xml version="1.0" encoding="UTF-8"?>
<testng-results ignored="0" total="1" passed="1" failed="0" skipped="0">
  <reporter-output>
  </reporter-output>
  <suite started-at="2022-12-28T14:58:12 IST" name="Suite" finished-at="2022-12-28T14:58:22 IST" duration-ms="9777">
    <groups>
    </groups>
    <test started-at="2022-12-28T14:58:12 IST" name="Test" finished-at="2022-12-28T14:58:22 IST" duration-ms="9777">
      <class name="testCases.TC_001_registerpage">
        <test-method is-config="true" signature="start(java.lang.String)[pri:0, instance:testCases.TC_001_registerpage@202b0582]" started-at="2022-12-28T14:58:13 IST" name="start" finished-at="2022-12-28T14:58:19 IST" duration-ms="6416" status="PASS">
          <params>
            <param index="0">
              <value>
                <![CDATA[chrome]]>
              </value>
            </param>
          </params>
          <reporter-output>
          </reporter-output>
        </test-method> <!-- start -->
        <test-method signature="registering_account()[pri:0, instance:testCases.TC_001_registerpage@202b0582]" started-at="2022-12-28T14:58:19 IST" name="registering_account" finished-at="2022-12-28T14:58:22 IST" duration-ms="2423" status="PASS">
          <reporter-output>
          </reporter-output>
        </test-method> <!-- registering_account -->
        <test-method is-config="true" signature="close()[pri:0, instance:testCases.TC_001_registerpage@202b0582]" started-at="2022-12-28T14:58:22 IST" name="close" finished-at="2022-12-28T14:58:22 IST" duration-ms="287" status="PASS">
          <reporter-output>
          </reporter-output>
        </test-method> <!-- close -->
      </class> <!-- testCases.TC_001_registerpage -->
    </test> <!-- Test -->
  </suite> <!-- Suite -->
</testng-results>
